**********************
Windows PowerShell transcript start
Start time: 20220809172221
Username: DESKTOP-296F715\Squeegie
RunAs User: DESKTOP-296F715\Squeegie
Configuration Name: 
Machine: DESKTOP-296F715 (Microsoft Windows NT 6.2.9200.0)
Host Application: C:\Users\Squeegie\Downloads\CitrixOptimizerTool\CitrixOptimizerTool.exe
Process ID: 10876
PSVersion: 5.1.22000.832
PSEdition: Desktop
PSCompatibleVersions: 1.0, 2.0, 3.0, 4.0, 5.0, 5.1.22000.832
BuildVersion: 10.0.22000.832
CLRVersion: 4.0.30319.42000
WSManStackVersion: 3.0
PSRemotingProtocolVersion: 2.3
SerializationVersion: 1.1.0.1
**********************
**********************
Windows PowerShell transcript end
End time: 20220809172224
**********************
